Analysis & Elaboration report for BB_SYSTEM
Fri Nov 24 23:40:19 2023
Quartus Prime Version 19.1.0 Build 670 09/22/2019 SJ Lite Edition


---------------------
; Table of Contents ;
---------------------
  1. Legal Notice
  2. Analysis & Elaboration Summary
  3. Parallel Compilation
  4. Analysis & Elaboration Settings
  5. Analysis & Elaboration Messages
  6. Analysis & Elaboration Suppressed Messages



----------------
; Legal Notice ;
----------------
Copyright (C) 2019  Intel Corporation. All rights reserved.
Your use of Intel Corporation's design tools, logic functions 
and other software and tools, and any partner logic 
functions, and any output files from any of the foregoing 
(including device programming or simulation files), and any 
associated documentation or information are expressly subject 
to the terms and conditions of the Intel Program License 
Subscription Agreement, the Intel Quartus Prime License Agreement,
the Intel FPGA IP License Agreement, or other applicable license
agreement, including, without limitation, that your use is for
the sole purpose of programming logic devices manufactured by
Intel and sold by Intel or its authorized distributors.  Please
refer to the applicable agreement for further details, at
https://fpgasoftware.intel.com/eula.



+----------------------------------------------------------------------------------+
; Analysis & Elaboration Summary                                                   ;
+------------------------------------+---------------------------------------------+
; Analysis & Elaboration Status      ; Failed - Fri Nov 24 23:40:19 2023           ;
; Quartus Prime Version              ; 19.1.0 Build 670 09/22/2019 SJ Lite Edition ;
; Revision Name                      ; BB_SYSTEM                                   ;
; Top-level Entity Name              ; BB_SYSTEM                                   ;
; Family                             ; Cyclone IV E                                ;
; Total logic elements               ; N/A until Partition Merge                   ;
;     Total combinational functions  ; N/A until Partition Merge                   ;
;     Dedicated logic registers      ; N/A until Partition Merge                   ;
; Total registers                    ; N/A until Partition Merge                   ;
; Total pins                         ; N/A until Partition Merge                   ;
; Total virtual pins                 ; N/A until Partition Merge                   ;
; Total memory bits                  ; N/A until Partition Merge                   ;
; Embedded Multiplier 9-bit elements ; N/A until Partition Merge                   ;
; Total PLLs                         ; N/A until Partition Merge                   ;
+------------------------------------+---------------------------------------------+


+------------------------------------------+
; Parallel Compilation                     ;
+----------------------------+-------------+
; Processors                 ; Number      ;
+----------------------------+-------------+
; Number detected on machine ; 12          ;
; Maximum allowed            ; 4           ;
;                            ;             ;
; Average used               ; 1.00        ;
; Maximum used               ; 1           ;
;                            ;             ;
; Usage by Processor         ; % Time Used ;
;     Processor 1            ; 100.0%      ;
+----------------------------+-------------+


+------------------------------------------------------------------------------------------------------------+
; Analysis & Elaboration Settings                                                                            ;
+------------------------------------------------------------------+--------------------+--------------------+
; Option                                                           ; Setting            ; Default Value      ;
+------------------------------------------------------------------+--------------------+--------------------+
; Device                                                           ; EP4CE22F17C6       ;                    ;
; Top-level entity name                                            ; BB_SYSTEM          ; BB_SYSTEM          ;
; Family name                                                      ; Cyclone IV E       ; Cyclone V          ;
; Maximum processors allowed for parallel compilation              ; 4                  ;                    ;
; Use smart compilation                                            ; Off                ; Off                ;
; Enable parallel Assembler and Timing Analyzer during compilation ; On                 ; On                 ;
; Enable compact report table                                      ; Off                ; Off                ;
; Restructure Multiplexers                                         ; Auto               ; Auto               ;
; Create Debugging Nodes for IP Cores                              ; Off                ; Off                ;
; Preserve fewer node names                                        ; On                 ; On                 ;
; Intel FPGA IP Evaluation Mode                                    ; Enable             ; Enable             ;
; Verilog Version                                                  ; Verilog_2001       ; Verilog_2001       ;
; VHDL Version                                                     ; VHDL_1993          ; VHDL_1993          ;
; State Machine Processing                                         ; Auto               ; Auto               ;
; Safe State Machine                                               ; Off                ; Off                ;
; Extract Verilog State Machines                                   ; On                 ; On                 ;
; Extract VHDL State Machines                                      ; On                 ; On                 ;
; Ignore Verilog initial constructs                                ; Off                ; Off                ;
; Iteration limit for constant Verilog loops                       ; 5000               ; 5000               ;
; Iteration limit for non-constant Verilog loops                   ; 250                ; 250                ;
; Add Pass-Through Logic to Inferred RAMs                          ; On                 ; On                 ;
; Infer RAMs from Raw Logic                                        ; On                 ; On                 ;
; Parallel Synthesis                                               ; On                 ; On                 ;
; DSP Block Balancing                                              ; Auto               ; Auto               ;
; NOT Gate Push-Back                                               ; On                 ; On                 ;
; Power-Up Don't Care                                              ; On                 ; On                 ;
; Remove Redundant Logic Cells                                     ; Off                ; Off                ;
; Remove Duplicate Registers                                       ; On                 ; On                 ;
; Ignore CARRY Buffers                                             ; Off                ; Off                ;
; Ignore CASCADE Buffers                                           ; Off                ; Off                ;
; Ignore GLOBAL Buffers                                            ; Off                ; Off                ;
; Ignore ROW GLOBAL Buffers                                        ; Off                ; Off                ;
; Ignore LCELL Buffers                                             ; Off                ; Off                ;
; Ignore SOFT Buffers                                              ; On                 ; On                 ;
; Limit AHDL Integers to 32 Bits                                   ; Off                ; Off                ;
; Optimization Technique                                           ; Balanced           ; Balanced           ;
; Carry Chain Length                                               ; 70                 ; 70                 ;
; Auto Carry Chains                                                ; On                 ; On                 ;
; Auto Open-Drain Pins                                             ; On                 ; On                 ;
; Perform WYSIWYG Primitive Resynthesis                            ; Off                ; Off                ;
; Auto ROM Replacement                                             ; On                 ; On                 ;
; Auto RAM Replacement                                             ; On                 ; On                 ;
; Auto DSP Block Replacement                                       ; On                 ; On                 ;
; Auto Shift Register Replacement                                  ; Auto               ; Auto               ;
; Allow Shift Register Merging across Hierarchies                  ; Auto               ; Auto               ;
; Auto Clock Enable Replacement                                    ; On                 ; On                 ;
; Strict RAM Replacement                                           ; Off                ; Off                ;
; Allow Synchronous Control Signals                                ; On                 ; On                 ;
; Force Use of Synchronous Clear Signals                           ; Off                ; Off                ;
; Auto RAM Block Balancing                                         ; On                 ; On                 ;
; Auto RAM to Logic Cell Conversion                                ; Off                ; Off                ;
; Auto Resource Sharing                                            ; Off                ; Off                ;
; Allow Any RAM Size For Recognition                               ; Off                ; Off                ;
; Allow Any ROM Size For Recognition                               ; Off                ; Off                ;
; Allow Any Shift Register Size For Recognition                    ; Off                ; Off                ;
; Use LogicLock Constraints during Resource Balancing              ; On                 ; On                 ;
; Ignore translate_off and synthesis_off directives                ; Off                ; Off                ;
; Timing-Driven Synthesis                                          ; On                 ; On                 ;
; Report Parameter Settings                                        ; On                 ; On                 ;
; Report Source Assignments                                        ; On                 ; On                 ;
; Report Connectivity Checks                                       ; On                 ; On                 ;
; Ignore Maximum Fan-Out Assignments                               ; Off                ; Off                ;
; Synchronization Register Chain Length                            ; 2                  ; 2                  ;
; Power Optimization During Synthesis                              ; Normal compilation ; Normal compilation ;
; HDL message level                                                ; Level2             ; Level2             ;
; Suppress Register Optimization Related Messages                  ; Off                ; Off                ;
; Number of Removed Registers Reported in Synthesis Report         ; 5000               ; 5000               ;
; Number of Swept Nodes Reported in Synthesis Report               ; 5000               ; 5000               ;
; Number of Inverted Registers Reported in Synthesis Report        ; 100                ; 100                ;
; Clock MUX Protection                                             ; On                 ; On                 ;
; Auto Gated Clock Conversion                                      ; Off                ; Off                ;
; Block Design Naming                                              ; Auto               ; Auto               ;
; SDC constraint protection                                        ; Off                ; Off                ;
; Synthesis Effort                                                 ; Auto               ; Auto               ;
; Shift Register Replacement - Allow Asynchronous Clear Signal     ; On                 ; On                 ;
; Pre-Mapping Resynthesis Optimization                             ; Off                ; Off                ;
; Analysis & Synthesis Message Level                               ; Medium             ; Medium             ;
; Disable Register Merging Across Hierarchies                      ; Auto               ; Auto               ;
; Resource Aware Inference For Block RAM                           ; On                 ; On                 ;
+------------------------------------------------------------------+--------------------+--------------------+


+---------------------------------+
; Analysis & Elaboration Messages ;
+---------------------------------+
Info: *******************************************************************
Info: Running Quartus Prime Analysis & Elaboration
    Info: Version 19.1.0 Build 670 09/22/2019 SJ Lite Edition
    Info: Processing started: Fri Nov 24 23:40:10 2023
Info: Command: quartus_map --read_settings_files=on --write_settings_files=off BB_SYSTEM -c BB_SYSTEM --analysis_and_elaboration
Info (20032): Parallel compilation is enabled and will use up to 4 processors
Info (12021): Found 1 design units, including 1 entities, in source file rtl/sc_regshifter.v
    Info (12023): Found entity 1: SC_RegSHIFTER File: C:/Users/fabio/OneDrive/Documentos/Universidad/Semestre_II/SED/DESING_PROBLEM_M06/rtl/SC_RegSHIFTER.v Line: 21
Info (12021): Found 1 design units, including 1 entities, in source file rtl/sc_players.v
    Info (12023): Found entity 1: SC_PLAYERS File: C:/Users/fabio/OneDrive/Documentos/Universidad/Semestre_II/SED/DESING_PROBLEM_M06/rtl/SC_PLAYERS.v Line: 21
Info (12021): Found 1 design units, including 1 entities, in source file rtl/sc_limizq.v
    Info (12023): Found entity 1: SC_LIMizq File: C:/Users/fabio/OneDrive/Documentos/Universidad/Semestre_II/SED/DESING_PROBLEM_M06/rtl/SC_LIMizq.v Line: 21
Info (12021): Found 1 design units, including 1 entities, in source file rtl/sc_limder.v
    Info (12023): Found entity 1: SC_LIMder File: C:/Users/fabio/OneDrive/Documentos/Universidad/Semestre_II/SED/DESING_PROBLEM_M06/rtl/SC_LIMder.v Line: 21
Info (12021): Found 1 design units, including 1 entities, in source file rtl/sc_statemachinepoint.v
    Info (12023): Found entity 1: SC_STATEMACHINEPOINT File: C:/Users/fabio/OneDrive/Documentos/Universidad/Semestre_II/SED/DESING_PROBLEM_M06/rtl/SC_STATEMACHINEPOINT.v Line: 21
Info (12021): Found 1 design units, including 1 entities, in source file rtl/shift_reg_start_done.v
    Info (12023): Found entity 1: shift_reg_start_done File: C:/Users/fabio/OneDrive/Documentos/Universidad/Semestre_II/SED/DESING_PROBLEM_M06/rtl/shift_reg_start_done.v Line: 34
Info (12021): Found 1 design units, including 1 entities, in source file rtl/max7219_ctrl.v
    Info (12023): Found entity 1: matrix_ctrl File: C:/Users/fabio/OneDrive/Documentos/Universidad/Semestre_II/SED/DESING_PROBLEM_M06/rtl/max7219_ctrl.v Line: 18
Info (12021): Found 1 design units, including 1 entities, in source file rtl/sc_debounce1.v
    Info (12023): Found entity 1: SC_DEBOUNCE1 File: C:/Users/fabio/OneDrive/Documentos/Universidad/Semestre_II/SED/DESING_PROBLEM_M06/rtl/SC_DEBOUNCE1.v Line: 44
Info (12021): Found 1 design units, including 1 entities, in source file bb_system.v
    Info (12023): Found entity 1: BB_SYSTEM File: C:/Users/fabio/OneDrive/Documentos/Universidad/Semestre_II/SED/DESING_PROBLEM_M06/BB_SYSTEM.v Line: 21
Warning (10236): Verilog HDL Implicit Net warning at BB_SYSTEM.v(131): created implicit net for "regSHIFTER_cwire" File: C:/Users/fabio/OneDrive/Documentos/Universidad/Semestre_II/SED/DESING_PROBLEM_M06/BB_SYSTEM.v Line: 131
Warning (10236): Verilog HDL Implicit Net warning at BB_SYSTEM.v(141): created implicit net for "STATEMACHINEPOINT_LIMizq" File: C:/Users/fabio/OneDrive/Documentos/Universidad/Semestre_II/SED/DESING_PROBLEM_M06/BB_SYSTEM.v Line: 141
Warning (10236): Verilog HDL Implicit Net warning at BB_SYSTEM.v(149): created implicit net for "STATEMACHINEPOINT_LIMder" File: C:/Users/fabio/OneDrive/Documentos/Universidad/Semestre_II/SED/DESING_PROBLEM_M06/BB_SYSTEM.v Line: 149
Warning (10236): Verilog HDL Implicit Net warning at BB_SYSTEM.v(158): created implicit net for "MATRIX_visualizar_cwire" File: C:/Users/fabio/OneDrive/Documentos/Universidad/Semestre_II/SED/DESING_PROBLEM_M06/BB_SYSTEM.v Line: 158
Warning (10236): Verilog HDL Implicit Net warning at BB_SYSTEM.v(161): created implicit net for "PLAYERS_regSHIFTER_cwire" File: C:/Users/fabio/OneDrive/Documentos/Universidad/Semestre_II/SED/DESING_PROBLEM_M06/BB_SYSTEM.v Line: 161
Info (12127): Elaborating entity "BB_SYSTEM" for the top level hierarchy
Warning (10034): Output port "BB_SYSTEM_display_OutBUS" at BB_SYSTEM.v(53) has no driver File: C:/Users/fabio/OneDrive/Documentos/Universidad/Semestre_II/SED/DESING_PROBLEM_M06/BB_SYSTEM.v Line: 53
Info (12128): Elaborating entity "SC_DEBOUNCE1" for hierarchy "SC_DEBOUNCE1:SC_DEBOUNCE1_u0" File: C:/Users/fabio/OneDrive/Documentos/Universidad/Semestre_II/SED/DESING_PROBLEM_M06/BB_SYSTEM.v Line: 110
Warning (10230): Verilog HDL assignment warning at SC_DEBOUNCE1.v(70): truncated value with size 32 to match size of target (11) File: C:/Users/fabio/OneDrive/Documentos/Universidad/Semestre_II/SED/DESING_PROBLEM_M06/rtl/SC_DEBOUNCE1.v Line: 70
Info (12128): Elaborating entity "SC_LIMizq" for hierarchy "SC_LIMizq:SC_LIMizq_u0" File: C:/Users/fabio/OneDrive/Documentos/Universidad/Semestre_II/SED/DESING_PROBLEM_M06/BB_SYSTEM.v Line: 145
Info (12128): Elaborating entity "SC_LIMder" for hierarchy "SC_LIMder:SC_LIMder_u0" File: C:/Users/fabio/OneDrive/Documentos/Universidad/Semestre_II/SED/DESING_PROBLEM_M06/BB_SYSTEM.v Line: 153
Info (12128): Elaborating entity "SC_PLAYERS" for hierarchy "SC_PLAYERS:SC_PLAYERS_u0" File: C:/Users/fabio/OneDrive/Documentos/Universidad/Semestre_II/SED/DESING_PROBLEM_M06/BB_SYSTEM.v Line: 163
Info (12128): Elaborating entity "SC_STATEMACHINEPOINT" for hierarchy "SC_STATEMACHINEPOINT:SC_STATEMACHINEPOINT_u0" File: C:/Users/fabio/OneDrive/Documentos/Universidad/Semestre_II/SED/DESING_PROBLEM_M06/BB_SYSTEM.v Line: 177
Info (12128): Elaborating entity "matrix_ctrl" for hierarchy "matrix_ctrl:matrix_ctrl_unit_0" File: C:/Users/fabio/OneDrive/Documentos/Universidad/Semestre_II/SED/DESING_PROBLEM_M06/BB_SYSTEM.v Line: 209
Warning (10036): Verilog HDL or VHDL warning at max7219_ctrl.v(58): object "Trig_SignalNEG" assigned a value but never read File: C:/Users/fabio/OneDrive/Documentos/Universidad/Semestre_II/SED/DESING_PROBLEM_M06/rtl/max7219_ctrl.v Line: 58
Warning (10230): Verilog HDL assignment warning at max7219_ctrl.v(50): truncated value with size 32 to match size of target (4) File: C:/Users/fabio/OneDrive/Documentos/Universidad/Semestre_II/SED/DESING_PROBLEM_M06/rtl/max7219_ctrl.v Line: 50
Warning (10230): Verilog HDL assignment warning at max7219_ctrl.v(51): truncated value with size 32 to match size of target (4) File: C:/Users/fabio/OneDrive/Documentos/Universidad/Semestre_II/SED/DESING_PROBLEM_M06/rtl/max7219_ctrl.v Line: 51
Warning (10230): Verilog HDL assignment warning at max7219_ctrl.v(260): truncated value with size 32 to match size of target (4) File: C:/Users/fabio/OneDrive/Documentos/Universidad/Semestre_II/SED/DESING_PROBLEM_M06/rtl/max7219_ctrl.v Line: 260
Warning (10240): Verilog HDL Always Construct warning at max7219_ctrl.v(154): inferring latch(es) for variable "ctrl_sr", which holds its previous value in one or more paths through the always construct File: C:/Users/fabio/OneDrive/Documentos/Universidad/Semestre_II/SED/DESING_PROBLEM_M06/rtl/max7219_ctrl.v Line: 154
Warning (10230): Verilog HDL assignment warning at max7219_ctrl.v(278): truncated value with size 32 to match size of target (3) File: C:/Users/fabio/OneDrive/Documentos/Universidad/Semestre_II/SED/DESING_PROBLEM_M06/rtl/max7219_ctrl.v Line: 278
Info (10041): Inferred latch for "ctrl_sr[0]" at max7219_ctrl.v(154) File: C:/Users/fabio/OneDrive/Documentos/Universidad/Semestre_II/SED/DESING_PROBLEM_M06/rtl/max7219_ctrl.v Line: 154
Info (10041): Inferred latch for "ctrl_sr[1]" at max7219_ctrl.v(154) File: C:/Users/fabio/OneDrive/Documentos/Universidad/Semestre_II/SED/DESING_PROBLEM_M06/rtl/max7219_ctrl.v Line: 154
Info (12128): Elaborating entity "shift_reg_start_done" for hierarchy "matrix_ctrl:matrix_ctrl_unit_0|shift_reg_start_done:shift_reg_start_done_unit_0" File: C:/Users/fabio/OneDrive/Documentos/Universidad/Semestre_II/SED/DESING_PROBLEM_M06/rtl/max7219_ctrl.v Line: 109
Warning (10230): Verilog HDL assignment warning at shift_reg_start_done.v(69): truncated value with size 32 to match size of target (16) File: C:/Users/fabio/OneDrive/Documentos/Universidad/Semestre_II/SED/DESING_PROBLEM_M06/rtl/shift_reg_start_done.v Line: 69
Error (12006): Node instance "SC_regSHIFTER_u0" instantiates undefined entity "SC_regSHIFTER". Ensure that required library paths are specified correctly, define the specified entity, or change the instantiation. If this entity represents Intel FPGA or third-party IP, generate the synthesis files for the IP. File: C:/Users/fabio/OneDrive/Documentos/Universidad/Semestre_II/SED/DESING_PROBLEM_M06/BB_SYSTEM.v Line: 137
Info (144001): Generated suppressed messages file C:/Users/fabio/OneDrive/Documentos/Universidad/Semestre_II/SED/DESING_PROBLEM_M06/BB_SYSTEM.map.smsg
Error: Quartus Prime Analysis & Elaboration was unsuccessful. 1 error, 14 warnings
    Error: Peak virtual memory: 4709 megabytes
    Error: Processing ended: Fri Nov 24 23:40:19 2023
    Error: Elapsed time: 00:00:09
    Error: Total CPU time (on all processors): 00:00:13


+--------------------------------------------+
; Analysis & Elaboration Suppressed Messages ;
+--------------------------------------------+
The suppressed messages can be found in C:/Users/fabio/OneDrive/Documentos/Universidad/Semestre_II/SED/DESING_PROBLEM_M06/BB_SYSTEM.map.smsg.


